c:\users\bartek\documents\visual studio 2015\projects\c++\game2d\game2d\x64\debug\vc140.pdb
c:\users\bartek\documents\visual studio 2015\projects\c++\game2d\game2d\x64\debug\vc140.idb
c:\users\bartek\documents\visual studio 2015\projects\c++\game2d\game2d\x64\debug\audio.obj
c:\users\bartek\documents\visual studio 2015\projects\c++\game2d\game2d\x64\debug\bullet.obj
c:\users\bartek\documents\visual studio 2015\projects\c++\game2d\game2d\x64\debug\camera.obj
c:\users\bartek\documents\visual studio 2015\projects\c++\game2d\game2d\x64\debug\character.obj
c:\users\bartek\documents\visual studio 2015\projects\c++\game2d\game2d\x64\debug\enemy.obj
c:\users\bartek\documents\visual studio 2015\projects\c++\game2d\game2d\x64\debug\engine.obj
c:\users\bartek\documents\visual studio 2015\projects\c++\game2d\game2d\x64\debug\gameplay.obj
c:\users\bartek\documents\visual studio 2015\projects\c++\game2d\game2d\x64\debug\inputs.obj
c:\users\bartek\documents\visual studio 2015\projects\c++\game2d\game2d\x64\debug\main.obj
c:\users\bartek\documents\visual studio 2015\projects\c++\game2d\game2d\x64\debug\moving.obj
c:\users\bartek\documents\visual studio 2015\projects\c++\game2d\game2d\x64\debug\object.obj
c:\users\bartek\documents\visual studio 2015\projects\c++\game2d\game2d\x64\debug\renderer.obj
c:\users\bartek\documents\visual studio 2015\projects\c++\game2d\game2d\x64\debug\static.obj
c:\users\bartek\documents\visual studio 2015\projects\c++\game2d\game2d\x64\debug\texture.obj
c:\users\bartek\documents\visual studio 2015\projects\c++\game2d\x64\debug\game2d.ilk
c:\users\bartek\documents\visual studio 2015\projects\c++\game2d\x64\debug\game2d.exe
c:\users\bartek\documents\visual studio 2015\projects\c++\game2d\x64\debug\game2d.pdb
c:\users\bartek\documents\visual studio 2015\projects\c++\game2d\game2d\x64\debug\game2d.tlog\cl.command.1.tlog
c:\users\bartek\documents\visual studio 2015\projects\c++\game2d\game2d\x64\debug\game2d.tlog\cl.read.1.tlog
c:\users\bartek\documents\visual studio 2015\projects\c++\game2d\game2d\x64\debug\game2d.tlog\cl.write.1.tlog
c:\users\bartek\documents\visual studio 2015\projects\c++\game2d\game2d\x64\debug\game2d.tlog\link.command.1.tlog
c:\users\bartek\documents\visual studio 2015\projects\c++\game2d\game2d\x64\debug\game2d.tlog\link.read.1.tlog
c:\users\bartek\documents\visual studio 2015\projects\c++\game2d\game2d\x64\debug\game2d.tlog\link.write.1.tlog
